The system is: Windows - 10.0.19042 - AMD64
Compiling the C compiler identification source file "CMakeCCompilerId.c" succeeded.
Compiler:  
Build flags: 
Id flags:  

The output was:
0
Microsoft (R) Build Engine версии 16.10.1+2fd48ab73 для .NET Framework
(C) Корпорация Майкрософт (Microsoft Corporation). Все права защищены.

Сборка начата 09.06.2021 22:40:37.
Проект "C:\Users\dmitrymorozov\source\repos\DmitrTRC\Yandex_cpp\out\build\x64-Debug\CMakeFiles\3.20.21032501-MSVC_2\CompilerIdC\CompilerIdC.vcxproj" в узле 1 (целевые объекты по умолчанию).
PrepareForBuild:
  Создание каталога "Debug\".
  Создание каталога "Debug\CompilerIdC.tlog\".
InitializeBuildStatus:
  Создание "Debug\CompilerIdC.tlog\unsuccessfulbuild", так как было задано "AlwaysCreate".
ClCompile:
  C:\Program Files (x86)\Microsoft Visual Studio\2019\Professional\VC\Tools\MSVC\14.29.30037\bin\HostX64\x64\CL.exe /c /nologo /W0 /WX- /diagnostics:column /Od /D _MBCS /Gm- /EHsc /RTC1 /MDd /GS /fp:precise /Zc:wchar_t /Zc:forScope /Zc:inline /Fo"Debug\\" /Fd"Debug\vc142.pdb" /external:env:EXTERNAL_INCLUDE /external:W0 /Gd /TC /FC /errorReport:queue CMakeCCompilerId.c
  CMakeCCompilerId.c
Link:
  C:\Program Files (x86)\Microsoft Visual Studio\2019\Professional\VC\Tools\MSVC\14.29.30037\bin\HostX64\x64\link.exe /ERRORREPORT:QUEUE /OUT:".\CompilerIdC.exe" /INCREMENTAL:NO /NOLOGO kernel32.lib user32.lib gdi32.lib winspool.lib comdlg32.lib advapi32.lib shell32.lib ole32.lib oleaut32.lib uuid.lib odbc32.lib odbccp32.lib /MANIFEST /MANIFESTUAC:"level='asInvoker' uiAccess='false'" /manifest:embed /PDB:".\CompilerIdC.pdb" /SUBSYSTEM:CONSOLE /TLBID:1 /DYNAMICBASE /NXCOMPAT /IMPLIB:".\CompilerIdC.lib" /MACHINE:X64 Debug\CMakeCCompilerId.obj
  CompilerIdC.vcxproj -> C:\Users\dmitrymorozov\source\repos\DmitrTRC\Yandex_cpp\out\build\x64-Debug\CMakeFiles\3.20.21032501-MSVC_2\CompilerIdC\CompilerIdC.exe
PostBuildEvent:
  for %%i in (cl.exe) do @echo CMAKE_C_COMPILER=%%~$PATH:i
  :VCEnd
  CMAKE_C_COMPILER=C:\Program Files (x86)\Microsoft Visual Studio\2019\Professional\VC\Tools\MSVC\14.29.30037\bin\Hostx64\x64\cl.exe
FinalizeBuildStatus:
  Файл "Debug\CompilerIdC.tlog\unsuccessfulbuild" удаляется.
  Обращение к "Debug\CompilerIdC.tlog\CompilerIdC.lastbuildstate".
Сборка проекта "C:\Users\dmitrymorozov\source\repos\DmitrTRC\Yandex_cpp\out\build\x64-Debug\CMakeFiles\3.20.21032501-MSVC_2\CompilerIdC\CompilerIdC.vcxproj" завершена (целевые объекты по умолчанию).

Сборка успешно завершена.
    Предупреждений: 0
    Ошибок: 0

Прошло времени 00:00:01.02


Compilation of the C compiler identification source "CMakeCCompilerId.c" produced "CompilerIdC.exe"

Compilation of the C compiler identification source "CMakeCCompilerId.c" produced "CompilerIdC.vcxproj"

The C compiler identification is MSVC, found in "C:/Users/dmitrymorozov/source/repos/DmitrTRC/Yandex_cpp/out/build/x64-Debug/CMakeFiles/3.20.21032501-MSVC_2/CompilerIdC/CompilerIdC.exe"

Compiling the CXX compiler identification source file "CMakeCXXCompilerId.cpp" succeeded.
Compiler:  
Build flags: 
Id flags:  

The output was:
0
Microsoft (R) Build Engine версии 16.10.1+2fd48ab73 для .NET Framework
(C) Корпорация Майкрософт (Microsoft Corporation). Все права защищены.

Сборка начата 09.06.2021 22:40:39.
Проект "C:\Users\dmitrymorozov\source\repos\DmitrTRC\Yandex_cpp\out\build\x64-Debug\CMakeFiles\3.20.21032501-MSVC_2\CompilerIdCXX\CompilerIdCXX.vcxproj" в узле 1 (целевые объекты по умолчанию).
PrepareForBuild:
  Создание каталога "Debug\".
  Создание каталога "Debug\CompilerIdCXX.tlog\".
InitializeBuildStatus:
  Создание "Debug\CompilerIdCXX.tlog\unsuccessfulbuild", так как было задано "AlwaysCreate".
ClCompile:
  C:\Program Files (x86)\Microsoft Visual Studio\2019\Professional\VC\Tools\MSVC\14.29.30037\bin\HostX64\x64\CL.exe /c /nologo /W0 /WX- /diagnostics:column /Od /D _MBCS /Gm- /EHsc /RTC1 /MDd /GS /fp:precise /Zc:wchar_t /Zc:forScope /Zc:inline /Fo"Debug\\" /Fd"Debug\vc142.pdb" /external:env:EXTERNAL_INCLUDE /external:W0 /Gd /TP /FC /errorReport:queue CMakeCXXCompilerId.cpp
  CMakeCXXCompilerId.cpp
Link:
  C:\Program Files (x86)\Microsoft Visual Studio\2019\Professional\VC\Tools\MSVC\14.29.30037\bin\HostX64\x64\link.exe /ERRORREPORT:QUEUE /OUT:".\CompilerIdCXX.exe" /INCREMENTAL:NO /NOLOGO kernel32.lib user32.lib gdi32.lib winspool.lib comdlg32.lib advapi32.lib shell32.lib ole32.lib oleaut32.lib uuid.lib odbc32.lib odbccp32.lib /MANIFEST /MANIFESTUAC:"level='asInvoker' uiAccess='false'" /manifest:embed /PDB:".\CompilerIdCXX.pdb" /SUBSYSTEM:CONSOLE /TLBID:1 /DYNAMICBASE /NXCOMPAT /IMPLIB:".\CompilerIdCXX.lib" /MACHINE:X64 Debug\CMakeCXXCompilerId.obj
  CompilerIdCXX.vcxproj -> C:\Users\dmitrymorozov\source\repos\DmitrTRC\Yandex_cpp\out\build\x64-Debug\CMakeFiles\3.20.21032501-MSVC_2\CompilerIdCXX\CompilerIdCXX.exe
PostBuildEvent:
  for %%i in (cl.exe) do @echo CMAKE_CXX_COMPILER=%%~$PATH:i
  :VCEnd
  CMAKE_CXX_COMPILER=C:\Program Files (x86)\Microsoft Visual Studio\2019\Professional\VC\Tools\MSVC\14.29.30037\bin\Hostx64\x64\cl.exe
FinalizeBuildStatus:
  Файл "Debug\CompilerIdCXX.tlog\unsuccessfulbuild" удаляется.
  Обращение к "Debug\CompilerIdCXX.tlog\CompilerIdCXX.lastbuildstate".
Сборка проекта "C:\Users\dmitrymorozov\source\repos\DmitrTRC\Yandex_cpp\out\build\x64-Debug\CMakeFiles\3.20.21032501-MSVC_2\CompilerIdCXX\CompilerIdCXX.vcxproj" завершена (целевые объекты по умолчанию).

Сборка успешно завершена.
    Предупреждений: 0
    Ошибок: 0

Прошло времени 00:00:00.69


Compilation of the CXX compiler identification source "CMakeCXXCompilerId.cpp" produced "CompilerIdCXX.exe"

Compilation of the CXX compiler identification source "CMakeCXXCompilerId.cpp" produced "CompilerIdCXX.vcxproj"

The CXX compiler identification is MSVC, found in "C:/Users/dmitrymorozov/source/repos/DmitrTRC/Yandex_cpp/out/build/x64-Debug/CMakeFiles/3.20.21032501-MSVC_2/CompilerIdCXX/CompilerIdCXX.exe"

The system is: Windows - 10.0.19042 - AMD64
Compiling the C compiler identification source file "CMakeCCompilerId.c" succeeded.
Compiler:  
Build flags: 
Id flags:  

The output was:
0
Microsoft (R) Build Engine версии 16.10.1+2fd48ab73 для .NET Framework
(C) Корпорация Майкрософт (Microsoft Corporation). Все права защищены.

Сборка начата 09.06.2021 22:40:41.
Проект "C:\Users\dmitrymorozov\source\repos\DmitrTRC\Yandex_cpp\out\build\x64-Debug\CMakeFiles\3.20.21032501-MSVC_2\CompilerIdC\CompilerIdC.vcxproj" в узле 1 (целевые объекты по умолчанию).
PrepareForBuild:
  Создание каталога "Debug\".
  Создание каталога "Debug\CompilerIdC.tlog\".
InitializeBuildStatus:
  Создание "Debug\CompilerIdC.tlog\unsuccessfulbuild", так как было задано "AlwaysCreate".
ClCompile:
  C:\Program Files (x86)\Microsoft Visual Studio\2019\Professional\VC\Tools\MSVC\14.29.30037\bin\HostX64\x64\CL.exe /c /nologo /W0 /WX- /diagnostics:column /Od /D _MBCS /Gm- /EHsc /RTC1 /MDd /GS /fp:precise /Zc:wchar_t /Zc:forScope /Zc:inline /Fo"Debug\\" /Fd"Debug\vc142.pdb" /external:env:EXTERNAL_INCLUDE /external:W0 /Gd /TC /FC /errorReport:queue CMakeCCompilerId.c
  CMakeCCompilerId.c
Link:
  C:\Program Files (x86)\Microsoft Visual Studio\2019\Professional\VC\Tools\MSVC\14.29.30037\bin\HostX64\x64\link.exe /ERRORREPORT:QUEUE /OUT:".\CompilerIdC.exe" /INCREMENTAL:NO /NOLOGO kernel32.lib user32.lib gdi32.lib winspool.lib comdlg32.lib advapi32.lib shell32.lib ole32.lib oleaut32.lib uuid.lib odbc32.lib odbccp32.lib /MANIFEST /MANIFESTUAC:"level='asInvoker' uiAccess='false'" /manifest:embed /PDB:".\CompilerIdC.pdb" /SUBSYSTEM:CONSOLE /TLBID:1 /DYNAMICBASE /NXCOMPAT /IMPLIB:".\CompilerIdC.lib" /MACHINE:X64 Debug\CMakeCCompilerId.obj
  CompilerIdC.vcxproj -> C:\Users\dmitrymorozov\source\repos\DmitrTRC\Yandex_cpp\out\build\x64-Debug\CMakeFiles\3.20.21032501-MSVC_2\CompilerIdC\CompilerIdC.exe
PostBuildEvent:
  for %%i in (cl.exe) do @echo CMAKE_C_COMPILER=%%~$PATH:i
  :VCEnd
  CMAKE_C_COMPILER=C:\Program Files (x86)\Microsoft Visual Studio\2019\Professional\VC\Tools\MSVC\14.29.30037\bin\Hostx64\x64\cl.exe
FinalizeBuildStatus:
  Файл "Debug\CompilerIdC.tlog\unsuccessfulbuild" удаляется.
  Обращение к "Debug\CompilerIdC.tlog\CompilerIdC.lastbuildstate".
Сборка проекта "C:\Users\dmitrymorozov\source\repos\DmitrTRC\Yandex_cpp\out\build\x64-Debug\CMakeFiles\3.20.21032501-MSVC_2\CompilerIdC\CompilerIdC.vcxproj" завершена (целевые объекты по умолчанию).

Сборка успешно завершена.
    Предупреждений: 0
    Ошибок: 0

Прошло времени 00:00:00.66


Compilation of the C compiler identification source "CMakeCCompilerId.c" produced "CompilerIdC.exe"

Compilation of the C compiler identification source "CMakeCCompilerId.c" produced "CompilerIdC.vcxproj"

The C compiler identification is MSVC, found in "C:/Users/dmitrymorozov/source/repos/DmitrTRC/Yandex_cpp/out/build/x64-Debug/CMakeFiles/3.20.21032501-MSVC_2/CompilerIdC/CompilerIdC.exe"

Compiling the CXX compiler identification source file "CMakeCXXCompilerId.cpp" succeeded.
Compiler:  
Build flags: 
Id flags:  

The output was:
0
Microsoft (R) Build Engine версии 16.10.1+2fd48ab73 для .NET Framework
(C) Корпорация Майкрософт (Microsoft Corporation). Все права защищены.

Сборка начата 09.06.2021 22:40:42.
Проект "C:\Users\dmitrymorozov\source\repos\DmitrTRC\Yandex_cpp\out\build\x64-Debug\CMakeFiles\3.20.21032501-MSVC_2\CompilerIdCXX\CompilerIdCXX.vcxproj" в узле 1 (целевые объекты по умолчанию).
PrepareForBuild:
  Создание каталога "Debug\".
  Создание каталога "Debug\CompilerIdCXX.tlog\".
InitializeBuildStatus:
  Создание "Debug\CompilerIdCXX.tlog\unsuccessfulbuild", так как было задано "AlwaysCreate".
ClCompile:
  C:\Program Files (x86)\Microsoft Visual Studio\2019\Professional\VC\Tools\MSVC\14.29.30037\bin\HostX64\x64\CL.exe /c /nologo /W0 /WX- /diagnostics:column /Od /D _MBCS /Gm- /EHsc /RTC1 /MDd /GS /fp:precise /Zc:wchar_t /Zc:forScope /Zc:inline /Fo"Debug\\" /Fd"Debug\vc142.pdb" /external:env:EXTERNAL_INCLUDE /external:W0 /Gd /TP /FC /errorReport:queue CMakeCXXCompilerId.cpp
  CMakeCXXCompilerId.cpp
Link:
  C:\Program Files (x86)\Microsoft Visual Studio\2019\Professional\VC\Tools\MSVC\14.29.30037\bin\HostX64\x64\link.exe /ERRORREPORT:QUEUE /OUT:".\CompilerIdCXX.exe" /INCREMENTAL:NO /NOLOGO kernel32.lib user32.lib gdi32.lib winspool.lib comdlg32.lib advapi32.lib shell32.lib ole32.lib oleaut32.lib uuid.lib odbc32.lib odbccp32.lib /MANIFEST /MANIFESTUAC:"level='asInvoker' uiAccess='false'" /manifest:embed /PDB:".\CompilerIdCXX.pdb" /SUBSYSTEM:CONSOLE /TLBID:1 /DYNAMICBASE /NXCOMPAT /IMPLIB:".\CompilerIdCXX.lib" /MACHINE:X64 Debug\CMakeCXXCompilerId.obj
  CompilerIdCXX.vcxproj -> C:\Users\dmitrymorozov\source\repos\DmitrTRC\Yandex_cpp\out\build\x64-Debug\CMakeFiles\3.20.21032501-MSVC_2\CompilerIdCXX\CompilerIdCXX.exe
PostBuildEvent:
  for %%i in (cl.exe) do @echo CMAKE_CXX_COMPILER=%%~$PATH:i
  :VCEnd
  CMAKE_CXX_COMPILER=C:\Program Files (x86)\Microsoft Visual Studio\2019\Professional\VC\Tools\MSVC\14.29.30037\bin\Hostx64\x64\cl.exe
FinalizeBuildStatus:
  Файл "Debug\CompilerIdCXX.tlog\unsuccessfulbuild" удаляется.
  Обращение к "Debug\CompilerIdCXX.tlog\CompilerIdCXX.lastbuildstate".
Сборка проекта "C:\Users\dmitrymorozov\source\repos\DmitrTRC\Yandex_cpp\out\build\x64-Debug\CMakeFiles\3.20.21032501-MSVC_2\CompilerIdCXX\CompilerIdCXX.vcxproj" завершена (целевые объекты по умолчанию).

Сборка успешно завершена.
    Предупреждений: 0
    Ошибок: 0

Прошло времени 00:00:00.65


Compilation of the CXX compiler identification source "CMakeCXXCompilerId.cpp" produced "CompilerIdCXX.exe"

Compilation of the CXX compiler identification source "CMakeCXXCompilerId.cpp" produced "CompilerIdCXX.vcxproj"

The CXX compiler identification is MSVC, found in "C:/Users/dmitrymorozov/source/repos/DmitrTRC/Yandex_cpp/out/build/x64-Debug/CMakeFiles/3.20.21032501-MSVC_2/CompilerIdCXX/CompilerIdCXX.exe"

Detecting C compiler ABI info compiled with the following output:
Change Dir: C:/Users/dmitrymorozov/source/repos/DmitrTRC/Yandex_cpp/out/build/x64-Debug/CMakeFiles/CMakeTmp

Run Build Command(s):C:/Program Files (x86)/Microsoft Visual Studio/2019/Professional/MSBuild/Current/Bin/MSBuild.exe cmTC_4ed10.vcxproj /p:Configuration=Debug /p:Platform=x64 /p:VisualStudioVersion=16.0 /v:m && Microsoft (R) Build Engine версии 16.10.1+2fd48ab73 для .NET Framework
(C) Корпорация Майкрософт (Microsoft Corporation). Все права защищены.

  Оптимизирующий компилятор Microsoft (R) C/C++ версии 19.29.30037 для x64
  (C) Корпорация Майкрософт (Microsoft Corporation).  Все права защищены.
  CMakeCCompilerABI.c
  cl /c /Zi /W1 /WX- /diagnostics:column /Od /Ob0 /D WIN32 /D _WINDOWS /D "CMAKE_INTDIR=\"Debug\"" /D _MBCS /Gm- /RTC1 /MDd /GS /fp:precise /Zc:wchar_t /Zc:forScope /Zc:inline /Fo"cmTC_4ed10.dir\Debug\\" /Fd"cmTC_4ed10.dir\Debug\vc142.pdb" /external:env:EXTERNAL_INCLUDE /external:W1 /Gd /TC /errorReport:queue "C:\Program Files (x86)\Microsoft Visual Studio\2019\Professional\Common7\IDE\CommonExtensions\Microsoft\CMake\CMake\share\cmake-3.20\Modules\CMakeCCompilerABI.c"
  cmTC_4ed10.vcxproj -> C:\Users\dmitrymorozov\source\repos\DmitrTRC\Yandex_cpp\out\build\x64-Debug\CMakeFiles\CMakeTmp\Debug\cmTC_4ed10.exe



Detecting CXX compiler ABI info compiled with the following output:
Change Dir: C:/Users/dmitrymorozov/source/repos/DmitrTRC/Yandex_cpp/out/build/x64-Debug/CMakeFiles/CMakeTmp

Run Build Command(s):C:/Program Files (x86)/Microsoft Visual Studio/2019/Professional/MSBuild/Current/Bin/MSBuild.exe cmTC_f9830.vcxproj /p:Configuration=Debug /p:Platform=x64 /p:VisualStudioVersion=16.0 /v:m && Microsoft (R) Build Engine версии 16.10.1+2fd48ab73 для .NET Framework
(C) Корпорация Майкрософт (Microsoft Corporation). Все права защищены.

  Оптимизирующий компилятор Microsoft (R) C/C++ версии 19.29.30037 для x64
  (C) Корпорация Майкрософт (Microsoft Corporation).  Все права защищены.
  CMakeCXXCompilerABI.cpp
  cl /c /Zi /W1 /WX- /diagnostics:column /Od /Ob0 /D WIN32 /D _WINDOWS /D "CMAKE_INTDIR=\"Debug\"" /D _MBCS /Gm- /EHsc /RTC1 /MDd /GS /fp:precise /Zc:wchar_t /Zc:forScope /Zc:inline /GR /Fo"cmTC_f9830.dir\Debug\\" /Fd"cmTC_f9830.dir\Debug\vc142.pdb" /external:env:EXTERNAL_INCLUDE /external:W1 /Gd /TP /errorReport:queue "C:\Program Files (x86)\Microsoft Visual Studio\2019\Professional\Common7\IDE\CommonExtensions\Microsoft\CMake\CMake\share\cmake-3.20\Modules\CMakeCXXCompilerABI.cpp"
  cmTC_f9830.vcxproj -> C:\Users\dmitrymorozov\source\repos\DmitrTRC\Yandex_cpp\out\build\x64-Debug\CMakeFiles\CMakeTmp\Debug\cmTC_f9830.exe



